<?xml version="1.0" encoding="UTF-8"?>
<!-- Generated by org.testng.reporters.JUnitXMLReporter -->
<testsuite hostname="LAPTOP-LDQFS899" ignored="0" name="Default test" tests="4" failures="0" timestamp="2022-11-22T18:45:56 IST" time="31.857" errors="0">
  <testcase name="getPushpaMovieDetailsUsingIMDB" time="22.736" classname="Demo.DetailsOfPushpaMovieFromTwoWebsites"/>
  <testcase name="getPushpaMovieDetailsUsingWiki" time="9.025" classname="Demo.DetailsOfPushpaMovieFromTwoWebsites"/>
  <testcase name="validateCountry" time="0.016" classname="Demo.DetailsOfPushpaMovieFromTwoWebsites"/>
  <testcase name="validateReleaseDate" time="0.0" classname="Demo.DetailsOfPushpaMovieFromTwoWebsites"/>
</testsuite> <!-- Default test -->
