<?xml version="1.0" encoding="UTF-8"?>
<!-- Generated by org.testng.reporters.JUnitXMLReporter -->
<testsuite hostname="LAPTOP-LDQFS899" ignored="0" name="Default test" tests="4" failures="0" timestamp="2022-11-22T20:46:38 IST" time="32.053" errors="0">
  <testcase name="getPushpaMovieDetailsUsingIMDB" time="23.762" classname="Demo.DetailsOfPushpaMovieFromTwoWebsites"/>
  <testcase name="getPushpaMovieDetailsUsingWiki" time="8.196" classname="Demo.DetailsOfPushpaMovieFromTwoWebsites"/>
  <testcase name="validateCountry" time="0.005" classname="Demo.DetailsOfPushpaMovieFromTwoWebsites"/>
  <testcase name="validateReleaseDate" time="0.002" classname="Demo.DetailsOfPushpaMovieFromTwoWebsites"/>
</testsuite> <!-- Default test -->
