<?xml version="1.0" encoding="UTF-8"?>
<testng-results skipped="0" failed="0" ignored="0" total="4" passed="4">
  <reporter-output>
  </reporter-output>
  <suite name="Default suite" duration-ms="32053" started-at="2022-11-22T20:46:06 IST" finished-at="2022-11-22T20:46:38 IST">
    <groups>
    </groups>
    <test name="Default test" duration-ms="32053" started-at="2022-11-22T20:46:06 IST" finished-at="2022-11-22T20:46:38 IST">
      <class name="Demo.DetailsOfPushpaMovieFromTwoWebsites">
        <test-method status="PASS" signature="getPushpaMovieDetailsUsingIMDB()[pri:0, instance:Demo.DetailsOfPushpaMovieFromTwoWebsites@687080dc]" name="getPushpaMovieDetailsUsingIMDB" duration-ms="23762" started-at="2022-11-22T20:46:06 IST" finished-at="2022-11-22T20:46:30 IST">
          <reporter-output>
          </reporter-output>
        </test-method> <!-- getPushpaMovieDetailsUsingIMDB -->
        <test-method status="PASS" signature="getPushpaMovieDetailsUsingWiki()[pri:0, instance:Demo.DetailsOfPushpaMovieFromTwoWebsites@687080dc]" name="getPushpaMovieDetailsUsingWiki" duration-ms="8196" started-at="2022-11-22T20:46:30 IST" finished-at="2022-11-22T20:46:38 IST">
          <reporter-output>
          </reporter-output>
        </test-method> <!-- getPushpaMovieDetailsUsingWiki -->
        <test-method status="PASS" signature="validateCountry()[pri:0, instance:Demo.DetailsOfPushpaMovieFromTwoWebsites@687080dc]" name="validateCountry" duration-ms="5" started-at="2022-11-22T20:46:38 IST" finished-at="2022-11-22T20:46:38 IST">
          <reporter-output>
          </reporter-output>
        </test-method> <!-- validateCountry -->
        <test-method status="PASS" signature="validateReleaseDate()[pri:0, instance:Demo.DetailsOfPushpaMovieFromTwoWebsites@687080dc]" name="validateReleaseDate" duration-ms="2" started-at="2022-11-22T20:46:38 IST" finished-at="2022-11-22T20:46:38 IST">
          <reporter-output>
          </reporter-output>
        </test-method> <!-- validateReleaseDate -->
      </class> <!-- Demo.DetailsOfPushpaMovieFromTwoWebsites -->
    </test> <!-- Default test -->
  </suite> <!-- Default suite -->
</testng-results>
