<?xml version="1.0" encoding="UTF-8"?>
<testng-results skipped="0" failed="0" ignored="0" total="4" passed="4">
  <reporter-output>
  </reporter-output>
  <suite name="Default suite" duration-ms="31857" started-at="2022-11-22T18:45:24 IST" finished-at="2022-11-22T18:45:55 IST">
    <groups>
    </groups>
    <test name="Default test" duration-ms="31857" started-at="2022-11-22T18:45:24 IST" finished-at="2022-11-22T18:45:55 IST">
      <class name="Demo.DetailsOfPushpaMovieFromTwoWebsites">
        <test-method status="PASS" signature="getPushpaMovieDetailsUsingIMDB()[pri:0, instance:Demo.DetailsOfPushpaMovieFromTwoWebsites@687080dc]" name="getPushpaMovieDetailsUsingIMDB" duration-ms="22736" started-at="2022-11-22T18:45:24 IST" finished-at="2022-11-22T18:45:46 IST">
          <reporter-output>
          </reporter-output>
        </test-method> <!-- getPushpaMovieDetailsUsingIMDB -->
        <test-method status="PASS" signature="getPushpaMovieDetailsUsingWiki()[pri:0, instance:Demo.DetailsOfPushpaMovieFromTwoWebsites@687080dc]" name="getPushpaMovieDetailsUsingWiki" duration-ms="9025" started-at="2022-11-22T18:45:46 IST" finished-at="2022-11-22T18:45:55 IST">
          <reporter-output>
          </reporter-output>
        </test-method> <!-- getPushpaMovieDetailsUsingWiki -->
        <test-method status="PASS" signature="validateCountry()[pri:0, instance:Demo.DetailsOfPushpaMovieFromTwoWebsites@687080dc]" name="validateCountry" duration-ms="16" started-at="2022-11-22T18:45:55 IST" finished-at="2022-11-22T18:45:55 IST">
          <reporter-output>
          </reporter-output>
        </test-method> <!-- validateCountry -->
        <test-method status="PASS" signature="validateReleaseDate()[pri:0, instance:Demo.DetailsOfPushpaMovieFromTwoWebsites@687080dc]" name="validateReleaseDate" duration-ms="0" started-at="2022-11-22T18:45:55 IST" finished-at="2022-11-22T18:45:55 IST">
          <reporter-output>
          </reporter-output>
        </test-method> <!-- validateReleaseDate -->
      </class> <!-- Demo.DetailsOfPushpaMovieFromTwoWebsites -->
    </test> <!-- Default test -->
  </suite> <!-- Default suite -->
</testng-results>
